[custom_lint] 2026-02-10T14:17:29.006326 ProcessException: No such file or directory
[custom_lint] 2026-02-10T14:17:29.006326   Command: dart lib/custom_lint_client.dart ::1 54769
[custom_lint] 2026-02-10T14:17:29.006326 #0      _ProcessImpl._start (dart:io-patch/process_patch.dart:421)
[custom_lint] 2026-02-10T14:17:29.006326 #1      Process.start (dart:io-patch/process_patch.dart:42)
[custom_lint] 2026-02-10T14:17:29.006326 #2      SocketCustomLintServerToClientChannel._startProcess.<anonymous closure> (package:custom_lint/src/v2/server_to_client_channel.dart:155)
[custom_lint] 2026-02-10T14:17:29.006326 #3      _asyncRetry (package:custom_lint/src/v2/server_to_client_channel.dart:24)
[custom_lint] 2026-02-10T14:17:29.006326 #4      SocketCustomLintServerToClientChannel._startProcess (package:custom_lint/src/v2/server_to_client_channel.dart:154)
[custom_lint] 2026-02-10T14:17:29.006326 <asynchronous suspension>
[custom_lint] 2026-02-10T14:17:29.006326 #5      SocketCustomLintServerToClientChannel.init (package:custom_lint/src/v2/server_to_client_channel.dart:111)
[custom_lint] 2026-02-10T14:17:29.006326 <asynchronous suspension>
[custom_lint] 2026-02-10T14:17:29.006326 #6      CustomLintServer._maybeSpawnCustomLintPlugin (package:custom_lint/src/v2/custom_lint_analyzer_plugin.dart:396)
[custom_lint] 2026-02-10T14:17:29.006326 <asynchronous suspension>
[custom_lint] 2026-02-10T14:17:29.006326 #7      CustomLintServer._handleAnalysisSetContextRoots.<anonymous closure> (package:custom_lint/src/v2/custom_lint_analyzer_plugin.dart:343)
[custom_lint] 2026-02-10T14:17:29.006326 <asynchronous suspension>
[custom_lint] 2026-02-10T14:17:29.006326 #8      PendingOperation.run (package:custom_lint/src/async_operation.dart:22)
[custom_lint] 2026-02-10T14:17:29.006326 <asynchronous suspension>
[custom_lint] 2026-02-10T14:17:29.006326 #9      CustomLintServer._handleRequest (package:custom_lint/src/v2/custom_lint_analyzer_plugin.dart:175)
[custom_lint] 2026-02-10T14:17:29.006326 <asynchronous suspension>
[custom_lint] 2026-02-10T14:17:29.006326
[custom_lint] 2026-02-10T14:17:29.009394 ProcessException: No such file or directory
[custom_lint] 2026-02-10T14:17:29.009394   Command: dart lib/custom_lint_client.dart ::1 54769
[custom_lint] 2026-02-10T14:17:29.009394 #0      _ProcessImpl._start (dart:io-patch/process_patch.dart:421)
[custom_lint] 2026-02-10T14:17:29.009394 #1      Process.start (dart:io-patch/process_patch.dart:42)
[custom_lint] 2026-02-10T14:17:29.009394 #2      SocketCustomLintServerToClientChannel._startProcess.<anonymous closure> (package:custom_lint/src/v2/server_to_client_channel.dart:155)
[custom_lint] 2026-02-10T14:17:29.009394 #3      _asyncRetry (package:custom_lint/src/v2/server_to_client_channel.dart:24)
[custom_lint] 2026-02-10T14:17:29.009394 <asynchronous suspension>
[custom_lint] 2026-02-10T14:17:29.009394 #4      SocketCustomLintServerToClientChannel.init (package:custom_lint/src/v2/server_to_client_channel.dart:111)
[custom_lint] 2026-02-10T14:17:29.009394 <asynchronous suspension>
[custom_lint] 2026-02-10T14:17:29.009394 #5      CustomLintServer._maybeSpawnCustomLintPlugin (package:custom_lint/src/v2/custom_lint_analyzer_plugin.dart:396)
[custom_lint] 2026-02-10T14:17:29.009394 <asynchronous suspension>
[custom_lint] 2026-02-10T14:17:29.009394 #6      CustomLintServer._handleAnalysisSetContextRoots.<anonymous closure> (package:custom_lint/src/v2/custom_lint_analyzer_plugin.dart:343)
[custom_lint] 2026-02-10T14:17:29.009394 <asynchronous suspension>
[custom_lint] 2026-02-10T14:17:29.009394 #7      PendingOperation.run (package:custom_lint/src/async_operation.dart:22)
[custom_lint] 2026-02-10T14:17:29.009394 <asynchronous suspension>
[custom_lint] 2026-02-10T14:17:29.009394 #8      CustomLintServer._handleRequest (package:custom_lint/src/v2/custom_lint_analyzer_plugin.dart:175)
[custom_lint] 2026-02-10T14:17:29.009394 <asynchronous suspension>
[custom_lint] 2026-02-10T14:17:29.009394
[custom_lint] 2026-02-10T14:17:29.011847 ProcessException: No such file or directory
[custom_lint] 2026-02-10T14:17:29.011847   Command: dart lib/custom_lint_client.dart ::1 54769
[custom_lint] 2026-02-10T14:17:29.011847 #0      _ProcessImpl._start (dart:io-patch/process_patch.dart:421)
[custom_lint] 2026-02-10T14:17:29.011847 #1      Process.start (dart:io-patch/process_patch.dart:42)
[custom_lint] 2026-02-10T14:17:29.011847 #2      SocketCustomLintServerToClientChannel._startProcess.<anonymous closure> (package:custom_lint/src/v2/server_to_client_channel.dart:155)
[custom_lint] 2026-02-10T14:17:29.011847 #3      _asyncRetry (package:custom_lint/src/v2/server_to_client_channel.dart:24)
[custom_lint] 2026-02-10T14:17:29.011847 <asynchronous suspension>
[custom_lint] 2026-02-10T14:17:29.011847 #4      SocketCustomLintServerToClientChannel.init (package:custom_lint/src/v2/server_to_client_channel.dart:111)
[custom_lint] 2026-02-10T14:17:29.011847 <asynchronous suspension>
[custom_lint] 2026-02-10T14:17:29.011847 #5      CustomLintServer._maybeSpawnCustomLintPlugin (package:custom_lint/src/v2/custom_lint_analyzer_plugin.dart:396)
[custom_lint] 2026-02-10T14:17:29.011847 <asynchronous suspension>
[custom_lint] 2026-02-10T14:17:29.011847 #6      CustomLintServer._handleAnalysisSetContextRoots.<anonymous closure> (package:custom_lint/src/v2/custom_lint_analyzer_plugin.dart:343)
[custom_lint] 2026-02-10T14:17:29.011847 <asynchronous suspension>
[custom_lint] 2026-02-10T14:17:29.011847 #7      PendingOperation.run (package:custom_lint/src/async_operation.dart:22)
[custom_lint] 2026-02-10T14:17:29.011847 <asynchronous suspension>
[custom_lint] 2026-02-10T14:17:29.011847 #8      CustomLintServer._handleRequest (package:custom_lint/src/v2/custom_lint_analyzer_plugin.dart:175)
[custom_lint] 2026-02-10T14:17:29.011847 <asynchronous suspension>
[custom_lint] 2026-02-10T14:17:29.011847
[custom_lint] 2026-02-10T14:17:29.014477 ProcessException: No such file or directory
[custom_lint] 2026-02-10T14:17:29.014477   Command: dart lib/custom_lint_client.dart ::1 54769
[custom_lint] 2026-02-10T14:17:29.014477 #0      _ProcessImpl._start (dart:io-patch/process_patch.dart:421)
[custom_lint] 2026-02-10T14:17:29.014477 #1      Process.start (dart:io-patch/process_patch.dart:42)
[custom_lint] 2026-02-10T14:17:29.014477 #2      SocketCustomLintServerToClientChannel._startProcess.<anonymous closure> (package:custom_lint/src/v2/server_to_client_channel.dart:155)
[custom_lint] 2026-02-10T14:17:29.014477 #3      _asyncRetry (package:custom_lint/src/v2/server_to_client_channel.dart:24)
[custom_lint] 2026-02-10T14:17:29.014477 <asynchronous suspension>
[custom_lint] 2026-02-10T14:17:29.014477 #4      SocketCustomLintServerToClientChannel.init (package:custom_lint/src/v2/server_to_client_channel.dart:111)
[custom_lint] 2026-02-10T14:17:29.014477 <asynchronous suspension>
[custom_lint] 2026-02-10T14:17:29.014477 #5      CustomLintServer._maybeSpawnCustomLintPlugin (package:custom_lint/src/v2/custom_lint_analyzer_plugin.dart:396)
[custom_lint] 2026-02-10T14:17:29.014477 <asynchronous suspension>
[custom_lint] 2026-02-10T14:17:29.014477 #6      CustomLintServer._handleAnalysisSetContextRoots.<anonymous closure> (package:custom_lint/src/v2/custom_lint_analyzer_plugin.dart:343)
[custom_lint] 2026-02-10T14:17:29.014477 <asynchronous suspension>
[custom_lint] 2026-02-10T14:17:29.014477 #7      PendingOperation.run (package:custom_lint/src/async_operation.dart:22)
[custom_lint] 2026-02-10T14:17:29.014477 <asynchronous suspension>
[custom_lint] 2026-02-10T14:17:29.014477 #8      CustomLintServer._handleRequest (package:custom_lint/src/v2/custom_lint_analyzer_plugin.dart:175)
[custom_lint] 2026-02-10T14:17:29.014477 <asynchronous suspension>
[custom_lint] 2026-02-10T14:17:29.014477
[custom_lint] 2026-02-10T14:17:29.017608 ProcessException: No such file or directory
[custom_lint] 2026-02-10T14:17:29.017608   Command: dart lib/custom_lint_client.dart ::1 54769
[custom_lint] 2026-02-10T14:17:29.017608 #0      _ProcessImpl._start (dart:io-patch/process_patch.dart:421)
[custom_lint] 2026-02-10T14:17:29.017608 #1      Process.start (dart:io-patch/process_patch.dart:42)
[custom_lint] 2026-02-10T14:17:29.017608 #2      SocketCustomLintServerToClientChannel._startProcess.<anonymous closure> (package:custom_lint/src/v2/server_to_client_channel.dart:155)
[custom_lint] 2026-02-10T14:17:29.017608 #3      _asyncRetry (package:custom_lint/src/v2/server_to_client_channel.dart:24)
[custom_lint] 2026-02-10T14:17:29.017608 <asynchronous suspension>
[custom_lint] 2026-02-10T14:17:29.017608 #4      SocketCustomLintServerToClientChannel.init (package:custom_lint/src/v2/server_to_client_channel.dart:111)
[custom_lint] 2026-02-10T14:17:29.017608 <asynchronous suspension>
[custom_lint] 2026-02-10T14:17:29.017608 #5      CustomLintServer._maybeSpawnCustomLintPlugin (package:custom_lint/src/v2/custom_lint_analyzer_plugin.dart:396)
[custom_lint] 2026-02-10T14:17:29.017608 <asynchronous suspension>
[custom_lint] 2026-02-10T14:17:29.017608 #6      CustomLintServer._handleAnalysisSetContextRoots.<anonymous closure> (package:custom_lint/src/v2/custom_lint_analyzer_plugin.dart:343)
[custom_lint] 2026-02-10T14:17:29.017608 <asynchronous suspension>
[custom_lint] 2026-02-10T14:17:29.017608 #7      PendingOperation.run (package:custom_lint/src/async_operation.dart:22)
[custom_lint] 2026-02-10T14:17:29.017608 <asynchronous suspension>
[custom_lint] 2026-02-10T14:17:29.017608 #8      CustomLintServer._handleRequest (package:custom_lint/src/v2/custom_lint_analyzer_plugin.dart:175)
[custom_lint] 2026-02-10T14:17:29.017608 <asynchronous suspension>
[custom_lint] 2026-02-10T14:17:29.017608
The request analysis.setContextRoots failed with the following error:
RequestErrorCode.PLUGIN_ERROR
ProcessException: No such file or directory
  Command: dart lib/custom_lint_client.dart ::1 54769
at:
#0      _ProcessImpl._start (dart:io-patch/process_patch.dart:421)
#1      Process.start (dart:io-patch/process_patch.dart:42)
#2      SocketCustomLintServerToClientChannel._startProcess.<anonymous closure> (package:custom_lint/src/v2/server_to_client_channel.dart:155)
#3      _asyncRetry (package:custom_lint/src/v2/server_to_client_channel.dart:24)
<asynchronous suspension>
#4      SocketCustomLintServerToClientChannel.init (package:custom_lint/src/v2/server_to_client_channel.dart:111)
<asynchronous suspension>
#5      CustomLintServer._maybeSpawnCustomLintPlugin (package:custom_lint/src/v2/custom_lint_analyzer_plugin.dart:396)
<asynchronous suspension>
#6      CustomLintServer._handleAnalysisSetContextRoots.<anonymous closure> (package:custom_lint/src/v2/custom_lint_analyzer_plugin.dart:343)
<asynchronous suspension>
#7      PendingOperation.run (package:custom_lint/src/async_operation.dart:22)
<asynchronous suspension>
#8      CustomLintServer._handleRequest (package:custom_lint/src/v2/custom_lint_analyzer_plugin.dart:175)
<asynchronous suspension>

[custom_lint] 2026-02-10T15:42:17.288889 ProcessException: No such file or directory
[custom_lint] 2026-02-10T15:42:17.288889   Command: dart lib/custom_lint_client.dart ::1 65416
[custom_lint] 2026-02-10T15:42:17.288889 #0      _ProcessImpl._start (dart:io-patch/process_patch.dart:421)
[custom_lint] 2026-02-10T15:42:17.288889 #1      Process.start (dart:io-patch/process_patch.dart:42)
[custom_lint] 2026-02-10T15:42:17.288889 #2      SocketCustomLintServerToClientChannel._startProcess.<anonymous closure> (package:custom_lint/src/v2/server_to_client_channel.dart:155)
[custom_lint] 2026-02-10T15:42:17.288889 #3      _asyncRetry (package:custom_lint/src/v2/server_to_client_channel.dart:24)
[custom_lint] 2026-02-10T15:42:17.288889 #4      SocketCustomLintServerToClientChannel._startProcess (package:custom_lint/src/v2/server_to_client_channel.dart:154)
[custom_lint] 2026-02-10T15:42:17.288889 <asynchronous suspension>
[custom_lint] 2026-02-10T15:42:17.288889 #5      SocketCustomLintServerToClientChannel.init (package:custom_lint/src/v2/server_to_client_channel.dart:111)
[custom_lint] 2026-02-10T15:42:17.288889 <asynchronous suspension>
[custom_lint] 2026-02-10T15:42:17.288889 #6      CustomLintServer._maybeSpawnCustomLintPlugin (package:custom_lint/src/v2/custom_lint_analyzer_plugin.dart:396)
[custom_lint] 2026-02-10T15:42:17.288889 <asynchronous suspension>
[custom_lint] 2026-02-10T15:42:17.288889 #7      CustomLintServer._handleAnalysisSetContextRoots.<anonymous closure> (package:custom_lint/src/v2/custom_lint_analyzer_plugin.dart:343)
[custom_lint] 2026-02-10T15:42:17.288889 <asynchronous suspension>
[custom_lint] 2026-02-10T15:42:17.288889 #8      PendingOperation.run (package:custom_lint/src/async_operation.dart:22)
[custom_lint] 2026-02-10T15:42:17.288889 <asynchronous suspension>
[custom_lint] 2026-02-10T15:42:17.288889 #9      CustomLintServer._handleRequest (package:custom_lint/src/v2/custom_lint_analyzer_plugin.dart:175)
[custom_lint] 2026-02-10T15:42:17.288889 <asynchronous suspension>
[custom_lint] 2026-02-10T15:42:17.288889
[custom_lint] 2026-02-10T15:42:17.292897 ProcessException: No such file or directory
[custom_lint] 2026-02-10T15:42:17.292897   Command: dart lib/custom_lint_client.dart ::1 65416
[custom_lint] 2026-02-10T15:42:17.292897 #0      _ProcessImpl._start (dart:io-patch/process_patch.dart:421)
[custom_lint] 2026-02-10T15:42:17.292897 #1      Process.start (dart:io-patch/process_patch.dart:42)
[custom_lint] 2026-02-10T15:42:17.292897 #2      SocketCustomLintServerToClientChannel._startProcess.<anonymous closure> (package:custom_lint/src/v2/server_to_client_channel.dart:155)
[custom_lint] 2026-02-10T15:42:17.292897 #3      _asyncRetry (package:custom_lint/src/v2/server_to_client_channel.dart:24)
[custom_lint] 2026-02-10T15:42:17.292897 <asynchronous suspension>
[custom_lint] 2026-02-10T15:42:17.292897 #4      SocketCustomLintServerToClientChannel.init (package:custom_lint/src/v2/server_to_client_channel.dart:111)
[custom_lint] 2026-02-10T15:42:17.292897 <asynchronous suspension>
[custom_lint] 2026-02-10T15:42:17.292897 #5      CustomLintServer._maybeSpawnCustomLintPlugin (package:custom_lint/src/v2/custom_lint_analyzer_plugin.dart:396)
[custom_lint] 2026-02-10T15:42:17.292897 <asynchronous suspension>
[custom_lint] 2026-02-10T15:42:17.292897 #6      CustomLintServer._handleAnalysisSetContextRoots.<anonymous closure> (package:custom_lint/src/v2/custom_lint_analyzer_plugin.dart:343)
[custom_lint] 2026-02-10T15:42:17.292897 <asynchronous suspension>
[custom_lint] 2026-02-10T15:42:17.292897 #7      PendingOperation.run (package:custom_lint/src/async_operation.dart:22)
[custom_lint] 2026-02-10T15:42:17.292897 <asynchronous suspension>
[custom_lint] 2026-02-10T15:42:17.292897 #8      CustomLintServer._handleRequest (package:custom_lint/src/v2/custom_lint_analyzer_plugin.dart:175)
[custom_lint] 2026-02-10T15:42:17.292897 <asynchronous suspension>
[custom_lint] 2026-02-10T15:42:17.292897
[custom_lint] 2026-02-10T15:42:17.296292 ProcessException: No such file or directory
[custom_lint] 2026-02-10T15:42:17.296292   Command: dart lib/custom_lint_client.dart ::1 65416
[custom_lint] 2026-02-10T15:42:17.296292 #0      _ProcessImpl._start (dart:io-patch/process_patch.dart:421)
[custom_lint] 2026-02-10T15:42:17.296292 #1      Process.start (dart:io-patch/process_patch.dart:42)
[custom_lint] 2026-02-10T15:42:17.296292 #2      SocketCustomLintServerToClientChannel._startProcess.<anonymous closure> (package:custom_lint/src/v2/server_to_client_channel.dart:155)
[custom_lint] 2026-02-10T15:42:17.296292 #3      _asyncRetry (package:custom_lint/src/v2/server_to_client_channel.dart:24)
[custom_lint] 2026-02-10T15:42:17.296292 <asynchronous suspension>
[custom_lint] 2026-02-10T15:42:17.296292 #4      SocketCustomLintServerToClientChannel.init (package:custom_lint/src/v2/server_to_client_channel.dart:111)
[custom_lint] 2026-02-10T15:42:17.296292 <asynchronous suspension>
[custom_lint] 2026-02-10T15:42:17.296292 #5      CustomLintServer._maybeSpawnCustomLintPlugin (package:custom_lint/src/v2/custom_lint_analyzer_plugin.dart:396)
[custom_lint] 2026-02-10T15:42:17.296292 <asynchronous suspension>
[custom_lint] 2026-02-10T15:42:17.296292 #6      CustomLintServer._handleAnalysisSetContextRoots.<anonymous closure> (package:custom_lint/src/v2/custom_lint_analyzer_plugin.dart:343)
[custom_lint] 2026-02-10T15:42:17.296292 <asynchronous suspension>
[custom_lint] 2026-02-10T15:42:17.296292 #7      PendingOperation.run (package:custom_lint/src/async_operation.dart:22)
[custom_lint] 2026-02-10T15:42:17.296292 <asynchronous suspension>
[custom_lint] 2026-02-10T15:42:17.296292 #8      CustomLintServer._handleRequest (package:custom_lint/src/v2/custom_lint_analyzer_plugin.dart:175)
[custom_lint] 2026-02-10T15:42:17.296292 <asynchronous suspension>
[custom_lint] 2026-02-10T15:42:17.296292
[custom_lint] 2026-02-10T15:42:17.299754 ProcessException: No such file or directory
[custom_lint] 2026-02-10T15:42:17.299754   Command: dart lib/custom_lint_client.dart ::1 65416
[custom_lint] 2026-02-10T15:42:17.299754 #0      _ProcessImpl._start (dart:io-patch/process_patch.dart:421)
[custom_lint] 2026-02-10T15:42:17.299754 #1      Process.start (dart:io-patch/process_patch.dart:42)
[custom_lint] 2026-02-10T15:42:17.299754 #2      SocketCustomLintServerToClientChannel._startProcess.<anonymous closure> (package:custom_lint/src/v2/server_to_client_channel.dart:155)
[custom_lint] 2026-02-10T15:42:17.299754 #3      _asyncRetry (package:custom_lint/src/v2/server_to_client_channel.dart:24)
[custom_lint] 2026-02-10T15:42:17.299754 <asynchronous suspension>
[custom_lint] 2026-02-10T15:42:17.299754 #4      SocketCustomLintServerToClientChannel.init (package:custom_lint/src/v2/server_to_client_channel.dart:111)
[custom_lint] 2026-02-10T15:42:17.299754 <asynchronous suspension>
[custom_lint] 2026-02-10T15:42:17.299754 #5      CustomLintServer._maybeSpawnCustomLintPlugin (package:custom_lint/src/v2/custom_lint_analyzer_plugin.dart:396)
[custom_lint] 2026-02-10T15:42:17.299754 <asynchronous suspension>
[custom_lint] 2026-02-10T15:42:17.299754 #6      CustomLintServer._handleAnalysisSetContextRoots.<anonymous closure> (package:custom_lint/src/v2/custom_lint_analyzer_plugin.dart:343)
[custom_lint] 2026-02-10T15:42:17.299754 <asynchronous suspension>
[custom_lint] 2026-02-10T15:42:17.299754 #7      PendingOperation.run (package:custom_lint/src/async_operation.dart:22)
[custom_lint] 2026-02-10T15:42:17.299754 <asynchronous suspension>
[custom_lint] 2026-02-10T15:42:17.299754 #8      CustomLintServer._handleRequest (package:custom_lint/src/v2/custom_lint_analyzer_plugin.dart:175)
[custom_lint] 2026-02-10T15:42:17.299754 <asynchronous suspension>
[custom_lint] 2026-02-10T15:42:17.299754
[custom_lint] 2026-02-10T15:42:17.302556 ProcessException: No such file or directory
[custom_lint] 2026-02-10T15:42:17.302556   Command: dart lib/custom_lint_client.dart ::1 65416
[custom_lint] 2026-02-10T15:42:17.302556 #0      _ProcessImpl._start (dart:io-patch/process_patch.dart:421)
[custom_lint] 2026-02-10T15:42:17.302556 #1      Process.start (dart:io-patch/process_patch.dart:42)
[custom_lint] 2026-02-10T15:42:17.302556 #2      SocketCustomLintServerToClientChannel._startProcess.<anonymous closure> (package:custom_lint/src/v2/server_to_client_channel.dart:155)
[custom_lint] 2026-02-10T15:42:17.302556 #3      _asyncRetry (package:custom_lint/src/v2/server_to_client_channel.dart:24)
[custom_lint] 2026-02-10T15:42:17.302556 <asynchronous suspension>
[custom_lint] 2026-02-10T15:42:17.302556 #4      SocketCustomLintServerToClientChannel.init (package:custom_lint/src/v2/server_to_client_channel.dart:111)
[custom_lint] 2026-02-10T15:42:17.302556 <asynchronous suspension>
[custom_lint] 2026-02-10T15:42:17.302556 #5      CustomLintServer._maybeSpawnCustomLintPlugin (package:custom_lint/src/v2/custom_lint_analyzer_plugin.dart:396)
[custom_lint] 2026-02-10T15:42:17.302556 <asynchronous suspension>
[custom_lint] 2026-02-10T15:42:17.302556 #6      CustomLintServer._handleAnalysisSetContextRoots.<anonymous closure> (package:custom_lint/src/v2/custom_lint_analyzer_plugin.dart:343)
[custom_lint] 2026-02-10T15:42:17.302556 <asynchronous suspension>
[custom_lint] 2026-02-10T15:42:17.302556 #7      PendingOperation.run (package:custom_lint/src/async_operation.dart:22)
[custom_lint] 2026-02-10T15:42:17.302556 <asynchronous suspension>
[custom_lint] 2026-02-10T15:42:17.302556 #8      CustomLintServer._handleRequest (package:custom_lint/src/v2/custom_lint_analyzer_plugin.dart:175)
[custom_lint] 2026-02-10T15:42:17.302556 <asynchronous suspension>
[custom_lint] 2026-02-10T15:42:17.302556
The request analysis.setContextRoots failed with the following error:
RequestErrorCode.PLUGIN_ERROR
ProcessException: No such file or directory
  Command: dart lib/custom_lint_client.dart ::1 65416
at:
#0      _ProcessImpl._start (dart:io-patch/process_patch.dart:421)
#1      Process.start (dart:io-patch/process_patch.dart:42)
#2      SocketCustomLintServerToClientChannel._startProcess.<anonymous closure> (package:custom_lint/src/v2/server_to_client_channel.dart:155)
#3      _asyncRetry (package:custom_lint/src/v2/server_to_client_channel.dart:24)
<asynchronous suspension>
#4      SocketCustomLintServerToClientChannel.init (package:custom_lint/src/v2/server_to_client_channel.dart:111)
<asynchronous suspension>
#5      CustomLintServer._maybeSpawnCustomLintPlugin (package:custom_lint/src/v2/custom_lint_analyzer_plugin.dart:396)
<asynchronous suspension>
#6      CustomLintServer._handleAnalysisSetContextRoots.<anonymous closure> (package:custom_lint/src/v2/custom_lint_analyzer_plugin.dart:343)
<asynchronous suspension>
#7      PendingOperation.run (package:custom_lint/src/async_operation.dart:22)
<asynchronous suspension>
#8      CustomLintServer._handleRequest (package:custom_lint/src/v2/custom_lint_analyzer_plugin.dart:175)
<asynchronous suspension>

[custom_lint] 2026-02-13T13:30:09.259169 ProcessException: No such file or directory
[custom_lint] 2026-02-13T13:30:09.259169   Command: dart lib/custom_lint_client.dart ::1 55748
[custom_lint] 2026-02-13T13:30:09.259169 #0      _ProcessImpl._start (dart:io-patch/process_patch.dart:421)
[custom_lint] 2026-02-13T13:30:09.259169 #1      Process.start (dart:io-patch/process_patch.dart:42)
[custom_lint] 2026-02-13T13:30:09.259169 #2      SocketCustomLintServerToClientChannel._startProcess.<anonymous closure> (package:custom_lint/src/v2/server_to_client_channel.dart:155)
[custom_lint] 2026-02-13T13:30:09.259169 #3      _asyncRetry (package:custom_lint/src/v2/server_to_client_channel.dart:24)
[custom_lint] 2026-02-13T13:30:09.259169 #4      SocketCustomLintServerToClientChannel._startProcess (package:custom_lint/src/v2/server_to_client_channel.dart:154)
[custom_lint] 2026-02-13T13:30:09.259169 <asynchronous suspension>
[custom_lint] 2026-02-13T13:30:09.259169 #5      SocketCustomLintServerToClientChannel.init (package:custom_lint/src/v2/server_to_client_channel.dart:111)
[custom_lint] 2026-02-13T13:30:09.259169 <asynchronous suspension>
[custom_lint] 2026-02-13T13:30:09.259169 #6      CustomLintServer._maybeSpawnCustomLintPlugin (package:custom_lint/src/v2/custom_lint_analyzer_plugin.dart:396)
[custom_lint] 2026-02-13T13:30:09.259169 <asynchronous suspension>
[custom_lint] 2026-02-13T13:30:09.259169 #7      CustomLintServer._handleAnalysisSetContextRoots.<anonymous closure> (package:custom_lint/src/v2/custom_lint_analyzer_plugin.dart:343)
[custom_lint] 2026-02-13T13:30:09.259169 <asynchronous suspension>
[custom_lint] 2026-02-13T13:30:09.259169 #8      PendingOperation.run (package:custom_lint/src/async_operation.dart:22)
[custom_lint] 2026-02-13T13:30:09.259169 <asynchronous suspension>
[custom_lint] 2026-02-13T13:30:09.259169 #9      CustomLintServer._handleRequest (package:custom_lint/src/v2/custom_lint_analyzer_plugin.dart:175)
[custom_lint] 2026-02-13T13:30:09.259169 <asynchronous suspension>
[custom_lint] 2026-02-13T13:30:09.259169
[custom_lint] 2026-02-13T13:30:09.352056 ProcessException: No such file or directory
[custom_lint] 2026-02-13T13:30:09.352056   Command: dart lib/custom_lint_client.dart ::1 55748
[custom_lint] 2026-02-13T13:30:09.352056 #0      _ProcessImpl._start (dart:io-patch/process_patch.dart:421)
[custom_lint] 2026-02-13T13:30:09.352056 #1      Process.start (dart:io-patch/process_patch.dart:42)
[custom_lint] 2026-02-13T13:30:09.352056 #2      SocketCustomLintServerToClientChannel._startProcess.<anonymous closure> (package:custom_lint/src/v2/server_to_client_channel.dart:155)
[custom_lint] 2026-02-13T13:30:09.352056 #3      _asyncRetry (package:custom_lint/src/v2/server_to_client_channel.dart:24)
[custom_lint] 2026-02-13T13:30:09.352056 <asynchronous suspension>
[custom_lint] 2026-02-13T13:30:09.352056 #4      SocketCustomLintServerToClientChannel.init (package:custom_lint/src/v2/server_to_client_channel.dart:111)
[custom_lint] 2026-02-13T13:30:09.352056 <asynchronous suspension>
[custom_lint] 2026-02-13T13:30:09.352056 #5      CustomLintServer._maybeSpawnCustomLintPlugin (package:custom_lint/src/v2/custom_lint_analyzer_plugin.dart:396)
[custom_lint] 2026-02-13T13:30:09.352056 <asynchronous suspension>
[custom_lint] 2026-02-13T13:30:09.352056 #6      CustomLintServer._handleAnalysisSetContextRoots.<anonymous closure> (package:custom_lint/src/v2/custom_lint_analyzer_plugin.dart:343)
[custom_lint] 2026-02-13T13:30:09.352056 <asynchronous suspension>
[custom_lint] 2026-02-13T13:30:09.352056 #7      PendingOperation.run (package:custom_lint/src/async_operation.dart:22)
[custom_lint] 2026-02-13T13:30:09.352056 <asynchronous suspension>
[custom_lint] 2026-02-13T13:30:09.352056 #8      CustomLintServer._handleRequest (package:custom_lint/src/v2/custom_lint_analyzer_plugin.dart:175)
[custom_lint] 2026-02-13T13:30:09.352056 <asynchronous suspension>
[custom_lint] 2026-02-13T13:30:09.352056
[custom_lint] 2026-02-13T13:30:09.383916 ProcessException: No such file or directory
[custom_lint] 2026-02-13T13:30:09.383916   Command: dart lib/custom_lint_client.dart ::1 55748
[custom_lint] 2026-02-13T13:30:09.383916 #0      _ProcessImpl._start (dart:io-patch/process_patch.dart:421)
[custom_lint] 2026-02-13T13:30:09.383916 #1      Process.start (dart:io-patch/process_patch.dart:42)
[custom_lint] 2026-02-13T13:30:09.383916 #2      SocketCustomLintServerToClientChannel._startProcess.<anonymous closure> (package:custom_lint/src/v2/server_to_client_channel.dart:155)
[custom_lint] 2026-02-13T13:30:09.383916 #3      _asyncRetry (package:custom_lint/src/v2/server_to_client_channel.dart:24)
[custom_lint] 2026-02-13T13:30:09.383916 <asynchronous suspension>
[custom_lint] 2026-02-13T13:30:09.383916 #4      SocketCustomLintServerToClientChannel.init (package:custom_lint/src/v2/server_to_client_channel.dart:111)
[custom_lint] 2026-02-13T13:30:09.383916 <asynchronous suspension>
[custom_lint] 2026-02-13T13:30:09.383916 #5      CustomLintServer._maybeSpawnCustomLintPlugin (package:custom_lint/src/v2/custom_lint_analyzer_plugin.dart:396)
[custom_lint] 2026-02-13T13:30:09.383916 <asynchronous suspension>
[custom_lint] 2026-02-13T13:30:09.383916 #6      CustomLintServer._handleAnalysisSetContextRoots.<anonymous closure> (package:custom_lint/src/v2/custom_lint_analyzer_plugin.dart:343)
[custom_lint] 2026-02-13T13:30:09.383916 <asynchronous suspension>
[custom_lint] 2026-02-13T13:30:09.383916 #7      PendingOperation.run (package:custom_lint/src/async_operation.dart:22)
[custom_lint] 2026-02-13T13:30:09.383916 <asynchronous suspension>
[custom_lint] 2026-02-13T13:30:09.383916 #8      CustomLintServer._handleRequest (package:custom_lint/src/v2/custom_lint_analyzer_plugin.dart:175)
[custom_lint] 2026-02-13T13:30:09.383916 <asynchronous suspension>
[custom_lint] 2026-02-13T13:30:09.383916
[custom_lint] 2026-02-13T13:30:09.438726 ProcessException: No such file or directory
[custom_lint] 2026-02-13T13:30:09.438726   Command: dart lib/custom_lint_client.dart ::1 55748
[custom_lint] 2026-02-13T13:30:09.438726 #0      _ProcessImpl._start (dart:io-patch/process_patch.dart:421)
[custom_lint] 2026-02-13T13:30:09.438726 #1      Process.start (dart:io-patch/process_patch.dart:42)
[custom_lint] 2026-02-13T13:30:09.438726 #2      SocketCustomLintServerToClientChannel._startProcess.<anonymous closure> (package:custom_lint/src/v2/server_to_client_channel.dart:155)
[custom_lint] 2026-02-13T13:30:09.438726 #3      _asyncRetry (package:custom_lint/src/v2/server_to_client_channel.dart:24)
[custom_lint] 2026-02-13T13:30:09.438726 <asynchronous suspension>
[custom_lint] 2026-02-13T13:30:09.438726 #4      SocketCustomLintServerToClientChannel.init (package:custom_lint/src/v2/server_to_client_channel.dart:111)
[custom_lint] 2026-02-13T13:30:09.438726 <asynchronous suspension>
[custom_lint] 2026-02-13T13:30:09.438726 #5      CustomLintServer._maybeSpawnCustomLintPlugin (package:custom_lint/src/v2/custom_lint_analyzer_plugin.dart:396)
[custom_lint] 2026-02-13T13:30:09.438726 <asynchronous suspension>
[custom_lint] 2026-02-13T13:30:09.438726 #6      CustomLintServer._handleAnalysisSetContextRoots.<anonymous closure> (package:custom_lint/src/v2/custom_lint_analyzer_plugin.dart:343)
[custom_lint] 2026-02-13T13:30:09.438726 <asynchronous suspension>
[custom_lint] 2026-02-13T13:30:09.438726 #7      PendingOperation.run (package:custom_lint/src/async_operation.dart:22)
[custom_lint] 2026-02-13T13:30:09.438726 <asynchronous suspension>
[custom_lint] 2026-02-13T13:30:09.438726 #8      CustomLintServer._handleRequest (package:custom_lint/src/v2/custom_lint_analyzer_plugin.dart:175)
[custom_lint] 2026-02-13T13:30:09.438726 <asynchronous suspension>
[custom_lint] 2026-02-13T13:30:09.438726
[custom_lint] 2026-02-13T13:30:09.490185 ProcessException: No such file or directory
[custom_lint] 2026-02-13T13:30:09.490185   Command: dart lib/custom_lint_client.dart ::1 55748
[custom_lint] 2026-02-13T13:30:09.490185 #0      _ProcessImpl._start (dart:io-patch/process_patch.dart:421)
[custom_lint] 2026-02-13T13:30:09.490185 #1      Process.start (dart:io-patch/process_patch.dart:42)
[custom_lint] 2026-02-13T13:30:09.490185 #2      SocketCustomLintServerToClientChannel._startProcess.<anonymous closure> (package:custom_lint/src/v2/server_to_client_channel.dart:155)
[custom_lint] 2026-02-13T13:30:09.490185 #3      _asyncRetry (package:custom_lint/src/v2/server_to_client_channel.dart:24)
[custom_lint] 2026-02-13T13:30:09.490185 <asynchronous suspension>
[custom_lint] 2026-02-13T13:30:09.490185 #4      SocketCustomLintServerToClientChannel.init (package:custom_lint/src/v2/server_to_client_channel.dart:111)
[custom_lint] 2026-02-13T13:30:09.490185 <asynchronous suspension>
[custom_lint] 2026-02-13T13:30:09.490185 #5      CustomLintServer._maybeSpawnCustomLintPlugin (package:custom_lint/src/v2/custom_lint_analyzer_plugin.dart:396)
[custom_lint] 2026-02-13T13:30:09.490185 <asynchronous suspension>
[custom_lint] 2026-02-13T13:30:09.490185 #6      CustomLintServer._handleAnalysisSetContextRoots.<anonymous closure> (package:custom_lint/src/v2/custom_lint_analyzer_plugin.dart:343)
[custom_lint] 2026-02-13T13:30:09.490185 <asynchronous suspension>
[custom_lint] 2026-02-13T13:30:09.490185 #7      PendingOperation.run (package:custom_lint/src/async_operation.dart:22)
[custom_lint] 2026-02-13T13:30:09.490185 <asynchronous suspension>
[custom_lint] 2026-02-13T13:30:09.490185 #8      CustomLintServer._handleRequest (package:custom_lint/src/v2/custom_lint_analyzer_plugin.dart:175)
[custom_lint] 2026-02-13T13:30:09.490185 <asynchronous suspension>
[custom_lint] 2026-02-13T13:30:09.490185
The request analysis.setContextRoots failed with the following error:
RequestErrorCode.PLUGIN_ERROR
ProcessException: No such file or directory
  Command: dart lib/custom_lint_client.dart ::1 55748
at:
#0      _ProcessImpl._start (dart:io-patch/process_patch.dart:421)
#1      Process.start (dart:io-patch/process_patch.dart:42)
#2      SocketCustomLintServerToClientChannel._startProcess.<anonymous closure> (package:custom_lint/src/v2/server_to_client_channel.dart:155)
#3      _asyncRetry (package:custom_lint/src/v2/server_to_client_channel.dart:24)
<asynchronous suspension>
#4      SocketCustomLintServerToClientChannel.init (package:custom_lint/src/v2/server_to_client_channel.dart:111)
<asynchronous suspension>
#5      CustomLintServer._maybeSpawnCustomLintPlugin (package:custom_lint/src/v2/custom_lint_analyzer_plugin.dart:396)
<asynchronous suspension>
#6      CustomLintServer._handleAnalysisSetContextRoots.<anonymous closure> (package:custom_lint/src/v2/custom_lint_analyzer_plugin.dart:343)
<asynchronous suspension>
#7      PendingOperation.run (package:custom_lint/src/async_operation.dart:22)
<asynchronous suspension>
#8      CustomLintServer._handleRequest (package:custom_lint/src/v2/custom_lint_analyzer_plugin.dart:175)
<asynchronous suspension>

